
############ PART 1 ############
Dimension of dataset:  4509 257 
Dimension of train df:  3340 257 
Dimension of test df:  1169 257 

############ PART 2 (LDA) ############
Train error:  0.05598802 
Test error:  0.08041061 

############ PART 3 (LDA: only two phonemes) ############
Dimension of train df:  1278 257 
Dimension of test df:  439 257 
Train error:  0.1064163 
Test error:  0.214123 

############ PART 4.1 (QDA) ############
Train error:  0 
Test error:  0.1582549 

############ PART 4.2 (QDA: only two phonemes) ############
Train error:  0 
Test error:  0.3394077 

############ PART 5.1 Confusion Matrix: LDA  ############
      Train_predicted
Actual  aa  ao
    aa 439  80
    ao  56 703
      Test_predicted
Actual  aa  ao
    aa 121  55
    ao  39 224

############ PART 5.1 Confusion Matrix: QDA  ############
      Train_predicted
Actual  aa  ao
    aa 519   0
    ao   0 759
      Test_predicted
Actual  aa  ao
    aa  29 147
    ao   2 261

############ PART 6 ############
LOOCV estimated test error:  0.6570311 
LOOCV actual test error:  2.265858 
LOOCV runtime:  0.1680677 s
5-fold CV estimated test error:  0.6617076 
5-fold CV actual test error:  2.012905 
5-fold CV runtime:  0.01989865 s
10-fold CV estimated test error:  0.6569482 
10-fold CV actual test error:  2.494486 
10-fold CV runtime:  0.03339696 s
